빔: 경고: 터미널로 출력할 수 없습니다
빔: 경고: 터미널로 부터 입력받을 수 없습니다
[?1049h[?1h=[1;24r[?12;25h[?12l[?25h[27m[m[H[2J[?25l[24;1H"Booting" 363L, 15913C[1;1H[1m[33m  1 [m[12CBooting ARM Linux
[1m[33m  2 [m[12C=================
[1m[33m  3 
  4 [mAuthor: Russell King
[1m[33m  5 [mDate  : 18 May 2002
[1m[33m  6 
  7 [mThe following documentation is relevant to 2.4.18-rmk6 and beyond.
[1m[33m  8 
  9 [m/*
[1m[33m 10 [m * ARM Linux를 부팅하기 위해서는 boot loader가 필요합니다.
[1m[33m 11 [m * Boot loader는 main kernel 전에 실행되는 작은 프로그램입니다.
[1m[33m 12 [m * Boot loader는 다양한 devices를 초기화하고 마지막으로 커널에
[1m[33m 13 [m * 정보를 넘기면서 Linux Kernel을 호출합니다.
[1m[33m 14 [m */
[1m[33m 15 [mIn order to boot ARM Linux, you require a boot loader, which is a small
[1m[33m 16 [mprogram that runs before the main kernel.  The boot loader is expected
[1m[33m 17 [mto initialise various devices, and eventually call the Linux kernel,
[1m[33m 18 [mpassing information to the kernel.
[1m[33m 19 
 20 [m/*
[1m[33m 21 [m * 기본적으로 boot loader는 최소한 다음을 제공해야 합니다.
[1m[33m 22 [m *  1. RAM 셋업 및 초기화
[1m[7mBooting                                                       1,4-13      꼭대기]2;Booting (~/git/linux/Documentation/arm) - VIM[1;17H[?12l[?25h[24;1H[m[?1l>[?1049l빔: 입력 읽는 중 에러, 끝내는중...
Vim: Finished.
[24;1H]2;빔을 날게 해 주셔서 고맙습니다
빔: 경고: 터미널로 출력할 수 없습니다
빔: 경고: 터미널로 부터 입력받을 수 없습니다
[?1049h[?1h=[1;24r[?12;25h[?12l[?25h[27m[m[H[2J[?25l[24;1H"Booting" 363L, 15913C[1;1H[1m[33m  1 [m[12CBooting ARM Linux
[1m[33m  2 [m[12C=================
[1m[33m  3 
  4 [mAuthor: Russell King
[1m[33m  5 [mDate  : 18 May 2002
[1m[33m  6 
  7 [mThe following documentation is relevant to 2.4.18-rmk6 and beyond.
[1m[33m  8 
  9 [m/*
[1m[33m 10 [m * ARM Linux를 부팅하기 위해서는 boot loader가 필요합니다.
[1m[33m 11 [m * Boot loader는 main kernel 전에 실행되는 작은 프로그램입니다.
[1m[33m 12 [m * Boot loader는 다양한 devices를 초기화하고 마지막으로 커널에
[1m[33m 13 [m * 정보를 넘기면서 Linux Kernel을 호출합니다.
[1m[33m 14 [m */
[1m[33m 15 [mIn order to boot ARM Linux, you require a boot loader, which is a small
[1m[33m 16 [mprogram that runs before the main kernel.  The boot loader is expected
[1m[33m 17 [mto initialise various devices, and eventually call the Linux kernel,
[1m[33m 18 [mpassing information to the kernel.
[1m[33m 19 
 20 [m/*
[1m[33m 21 [m * 기본적으로 boot loader는 최소한 다음을 제공해야 합니다.
[1m[33m 22 [m *  1. RAM 셋업 및 초기화
[1m[7mBooting                                                       1,4-13      꼭대기]2;Booting (~/git/linux/Documentation/arm) - VIM[1;17H[?12l[?25h[24;1H[m[?1l>[?1049l빔: 입력 읽는 중 에러, 끝내는중...
Vim: Finished.
[24;1H]2;빔을 날게 해 주셔서 고맙습니다
